<?xml version="1.0" encoding="UTF-8"?>
<testng-results total="1" passed="1" failed="0" skipped="0">
  <reporter-output>
  </reporter-output>
  <suite started-at="2021-02-23T12:26:07Z" name="Suite" finished-at="2021-02-23T12:31:44Z" duration-ms="337521">
    <groups>
      <group name="cucumber">
        <method signature="TestRunner.feature(cucumber.api.testng.CucumberFeatureWrapper)[pri:0, instance:com.qa.addProductsSO.runner.TestRunner@12d4bf7e]" name="feature" class="com.qa.addProductsSO.runner.TestRunner"/>
      </group> <!-- cucumber -->
    </groups>
    <test started-at="2021-02-23T12:26:07Z" name="Test" finished-at="2021-02-23T12:31:44Z" duration-ms="337521">
      <class name="com.qa.addProductsSO.runner.TestRunner">
        <test-method is-config="true" signature="setUpClass()[pri:0, instance:com.qa.addProductsSO.runner.TestRunner@12d4bf7e]" started-at="2021-02-23T17:56:07Z" name="setUpClass" finished-at="2021-02-23T17:56:08Z" duration-ms="267" status="PASS">
          <reporter-output>
          </reporter-output>
        </test-method> <!-- setUpClass -->
        <test-method signature="feature(cucumber.api.testng.CucumberFeatureWrapper)[pri:0, instance:com.qa.addProductsSO.runner.TestRunner@12d4bf7e]" started-at="2021-02-23T17:56:08Z" name="feature" description="Runs Cucumber Feature" data-provider="features" finished-at="2021-02-23T18:01:44Z" duration-ms="336854" status="PASS">
          <params>
            <param index="0">
              <value>
                <![CDATA[Testing Add Products Suite App]]>
              </value>
            </param>
          </params>
          <reporter-output>
          </reporter-output>
        </test-method> <!-- feature -->
        <test-method is-config="true" signature="tearDownClass()[pri:0, instance:com.qa.addProductsSO.runner.TestRunner@12d4bf7e]" started-at="2021-02-23T18:01:44Z" name="tearDownClass" finished-at="2021-02-23T18:01:44Z" duration-ms="12" status="PASS">
          <reporter-output>
          </reporter-output>
        </test-method> <!-- tearDownClass -->
      </class> <!-- com.qa.addProductsSO.runner.TestRunner -->
    </test> <!-- Test -->
  </suite> <!-- Suite -->
</testng-results>
